2023-04-02 22:25:27.100287 - Initialized conversion of CBT180
2023-04-02 22:25:27.786605 - Received CBT.V504.FILE180.PDS from FILE180.XMI 
2023-04-02 22:25:27.789632 - Found $.txt (text/plain) in CBT.V504.FILE180.PDS, moved to PDS/$
2023-04-02 22:25:27.790747 - Found $$$#DATE.txt (text/plain) in CBT.V504.FILE180.PDS, moved to PDS/$$$#DATE
2023-04-02 22:25:27.791935 - Found $$$CPYRT.txt (text/plain) in CBT.V504.FILE180.PDS, moved to PDS/$$$CPYRT
2023-04-02 22:25:27.793057 - Found @FILE180.txt (text/plain) in CBT.V504.FILE180.PDS, moved to PDS/@FILE180
2023-04-02 22:25:27.794319 - Found CALC.txt (text/plain) in CBT.V504.FILE180.PDS, moved to PDS/CALC
2023-04-02 22:25:27.795539 - Found CHIMP.txt (text/plain) in CBT.V504.FILE180.PDS, moved to PDS/CHIMP
2023-04-02 22:25:27.796685 - Found CLISTSET.txt (text/plain) in CBT.V504.FILE180.PDS, moved to PDS/CLISTSET
2023-04-02 22:25:27.797793 - Found CLOCK.txt (text/plain) in CBT.V504.FILE180.PDS, moved to PDS/CLOCK
2023-04-02 22:25:27.799110 - Found CONS.txt (text/plain) in CBT.V504.FILE180.PDS, moved to PDS/CONS
2023-04-02 22:25:27.800961 - Found CORE.txt (text/plain) in CBT.V504.FILE180.PDS, moved to PDS/CORE
2023-04-02 22:25:27.802088 - Found CORECBS.txt (text/plain) in CBT.V504.FILE180.PDS, moved to PDS/CORECBS
2023-04-02 22:25:27.803207 - Found DATETIME.txt (text/plain) in CBT.V504.FILE180.PDS, moved to PDS/DATETIME
2023-04-02 22:25:27.804221 - Found DELAY.txt (text/plain) in CBT.V504.FILE180.PDS, moved to PDS/DELAY
2023-04-02 22:25:27.805363 - Found DEX.txt (text/plain) in CBT.V504.FILE180.PDS, moved to PDS/DEX
2023-04-02 22:25:27.806450 - Found DISC.txt (text/plain) in CBT.V504.FILE180.PDS, moved to PDS/DISC
2023-04-02 22:25:27.807998 - Found DMOD.txt (text/plain) in CBT.V504.FILE180.PDS, moved to PDS/DMOD
2023-04-02 22:25:27.809208 - Found DPAGE.txt (text/plain) in CBT.V504.FILE180.PDS, moved to PDS/DPAGE
2023-04-02 22:25:27.810554 - Found DSAT.txt (text/plain) in CBT.V504.FILE180.PDS, moved to PDS/DSAT
2023-04-02 22:25:27.812030 - Found DUCB.txt (text/plain) in CBT.V504.FILE180.PDS, moved to PDS/DUCB
2023-04-02 22:25:27.813263 - Found DUSERS.txt (text/plain) in CBT.V504.FILE180.PDS, moved to PDS/DUSERS
2023-04-02 22:25:27.814577 - Found ENQ.txt (text/plain) in CBT.V504.FILE180.PDS, moved to PDS/ENQ
2023-04-02 22:25:27.815739 - Found LAU.txt (text/plain) in CBT.V504.FILE180.PDS, moved to PDS/LAU
2023-04-02 22:25:27.816911 - Found LISTVO.txt (text/plain) in CBT.V504.FILE180.PDS, moved to PDS/LISTVO
2023-04-02 22:25:27.817897 - Found LOCK.txt (text/plain) in CBT.V504.FILE180.PDS, moved to PDS/LOCK
2023-04-02 22:25:27.818941 - Found LSTA.txt (text/plain) in CBT.V504.FILE180.PDS, moved to PDS/LSTA
2023-04-02 22:25:27.820016 - Found MS.txt (text/plain) in CBT.V504.FILE180.PDS, moved to PDS/MS
2023-04-02 22:25:27.821016 - Found OPERCMD.txt (text/plain) in CBT.V504.FILE180.PDS, moved to PDS/OPERCMD
2023-04-02 22:25:27.821971 - Found RELEASE.txt (text/plain) in CBT.V504.FILE180.PDS, moved to PDS/RELEASE
2023-04-02 22:25:27.822954 - Found SPFLIB.txt (text/plain) in CBT.V504.FILE180.PDS, moved to PDS/SPFLIB
2023-04-02 22:25:27.824541 - Found TALK.txt (text/plain) in CBT.V504.FILE180.PDS, moved to PDS/TALK
2023-04-02 22:25:27.825574 - Found TASKLIB.txt (text/plain) in CBT.V504.FILE180.PDS, moved to PDS/TASKLIB
2023-04-02 22:25:27.826513 - Found TERMIO1.txt (text/plain) in CBT.V504.FILE180.PDS, moved to PDS/TERMIO1
2023-04-02 22:25:27.827517 - Found TERMIO2.txt (text/plain) in CBT.V504.FILE180.PDS, moved to PDS/TERMIO2
2023-04-02 22:25:27.828412 - Found TERMIO3.txt (text/plain) in CBT.V504.FILE180.PDS, moved to PDS/TERMIO3
2023-04-02 22:25:27.829271 - Found TERMIO4.txt (text/plain) in CBT.V504.FILE180.PDS, moved to PDS/TERMIO4
2023-04-02 22:25:27.830154 - Found TERMIO5.txt (text/plain) in CBT.V504.FILE180.PDS, moved to PDS/TERMIO5
2023-04-02 22:25:27.831103 - Found TMPSRV.txt (text/plain) in CBT.V504.FILE180.PDS, moved to PDS/TMPSRV
2023-04-02 22:25:27.832398 - Found TSLINE.txt (text/plain) in CBT.V504.FILE180.PDS, moved to PDS/TSLINE
2023-04-02 22:25:27.833425 - Found VMCP.txt (text/plain) in CBT.V504.FILE180.PDS, moved to PDS/VMCP
2023-04-02 22:25:27.834333 - Found WHICH.txt (text/plain) in CBT.V504.FILE180.PDS, moved to PDS/WHICH
2023-04-02 22:25:27.835341 - Found WHOAMI.txt (text/plain) in CBT.V504.FILE180.PDS, moved to PDS/WHOAMI
2023-04-02 22:25:27.836712 - Found WHOHAS.txt (text/plain) in CBT.V504.FILE180.PDS, moved to PDS/WHOHAS
